# JRE version: OpenJDK Runtime Environment Microsoft-13106358 (17.0.18+8) (build 17.0.18+8-LTS)
# Java VM: OpenJDK 64-Bit Server VM Microsoft-13106358 (17.0.18+8-LTS, mixed mode, sharing, tiered, compressed oops, compressed class ptrs, g1 gc, windows-amd64)
GC Precious Log:
 CPUs: 12 total, 12 available
 Memory: 16164M
 Large Page Support: Disabled
 NUMA Support: Disabled
 Compressed Oops: Enabled (Zero based)
 Heap Region Size: 2M
 Heap Min Capacity: 8M
 Heap Initial Capacity: 254M
 Heap Max Capacity: 4042M
 Pre-touch: Disabled
 Parallel Workers: 10
 Concurrent Workers: 3
 Concurrent Refinement Workers: 10
 Periodic GC: Disabled
Heap:
 garbage-first heap   total 643072K, used 86088K [0x0000000703600000, 0x0000000800000000)
  region size 2048K, 28 young (57344K), 7 survivors (14336K)
 Metaspace       used 6753K, committed 6976K, reserved 1114112K
  class space    used 393K, committed 512K, reserved 1048576K
GC Heap History (12 events):
Event: 2.368 GC heap before
{Heap before GC invocations=0 (full 0):
 garbage-first heap   total 260096K, used 22528K [0x0000000703600000, 0x0000000800000000)
  region size 2048K, 11 young (22528K), 0 survivors (0K)
 Metaspace       used 4623K, committed 4800K, reserved 1114112K
  class space    used 308K, committed 384K, reserved 1048576K
}
Event: 2.400 GC heap after
{Heap after GC invocations=1 (full 0):
 garbage-first heap   total 260096K, used 13994K [0x0000000703600000, 0x0000000800000000)
  region size 2048K, 2 young (4096K), 2 survivors (4096K)
 Metaspace       used 4623K, committed 4800K, reserved 1114112K
  class space    used 308K, committed 384K, reserved 1048576K
}
Event: 2.454 GC heap before
{Heap before GC invocations=1 (full 0):
 garbage-first heap   total 260096K, used 28330K [0x0000000703600000, 0x0000000800000000)
  region size 2048K, 10 young (20480K), 2 survivors (4096K)
 Metaspace       used 4656K, committed 4800K, reserved 1114112K
  class space    used 309K, committed 384K, reserved 1048576K
}
Event: 2.495 GC heap after
{Heap after GC invocations=2 (full 0):
 garbage-first heap   total 260096K, used 26210K [0x0000000703600000, 0x0000000800000000)
  region size 2048K, 2 young (4096K), 2 survivors (4096K)
 Metaspace       used 4656K, committed 4800K, reserved 1114112K
  class space    used 309K, committed 384K, reserved 1048576K
}
Event: 2.508 GC heap before
{Heap before GC invocations=2 (full 0):
 garbage-first heap   total 260096K, used 32354K [0x0000000703600000, 0x0000000800000000)
  region size 2048K, 6 young (12288K), 2 survivors (4096K)
 Metaspace       used 4656K, committed 4800K, reserved 1114112K
  class space    used 309K, committed 384K, reserved 1048576K
}
Event: 2.513 GC heap after
{Heap after GC invocations=3 (full 0):
 garbage-first heap   total 260096K, used 28254K [0x0000000703600000, 0x0000000800000000)
  region size 2048K, 1 young (2048K), 1 survivors (2048K)
 Metaspace       used 4656K, committed 4800K, reserved 1114112K
  class space    used 309K, committed 384K, reserved 1048576K
}
Event: 2.545 GC heap before
{Heap before GC invocations=3 (full 0):
 garbage-first heap   total 260096K, used 38494K [0x0000000703600000, 0x0000000800000000)
  region size 2048K, 7 young (14336K), 1 survivors (2048K)
 Metaspace       used 4656K, committed 4800K, reserved 1114112K
  class space    used 309K, committed 384K, reserved 1048576K
}
Event: 2.548 GC heap after
{Heap after GC invocations=4 (full 0):
 garbage-first heap   total 260096K, used 29763K [0x0000000703600000, 0x0000000800000000)
  region size 2048K, 1 young (2048K), 1 survivors (2048K)
 Metaspace       used 4656K, committed 4800K, reserved 1114112K
  class space    used 309K, committed 384K, reserved 1048576K
}
Event: 2.626 GC heap before
{Heap before GC invocations=4 (full 0):
 garbage-first heap   total 260096K, used 64579K [0x0000000703600000, 0x0000000800000000)
  region size 2048K, 18 young (36864K), 1 survivors (2048K)
 Metaspace       used 4657K, committed 4800K, reserved 1114112K
  class space    used 309K, committed 384K, reserved 1048576K
}
Event: 2.632 GC heap after
{Heap after GC invocations=5 (full 0):
 garbage-first heap   total 643072K, used 34017K [0x0000000703600000, 0x0000000800000000)
  region size 2048K, 3 young (6144K), 3 survivors (6144K)
 Metaspace       used 4657K, committed 4800K, reserved 1114112K
  class space    used 309K, committed 384K, reserved 1048576K
}
Event: 2.835 GC heap before
{Heap before GC invocations=5 (full 0):
 garbage-first heap   total 643072K, used 128225K [0x0000000703600000, 0x0000000800000000)
  region size 2048K, 49 young (100352K), 3 survivors (6144K)
 Metaspace       used 4657K, committed 4800K, reserved 1114112K
  class space    used 309K, committed 384K, reserved 1048576K
}
Event: 2.843 GC heap after
{Heap after GC invocations=6 (full 0):
 garbage-first heap   total 643072K, used 45128K [0x0000000703600000, 0x0000000800000000)
  region size 2048K, 7 young (14336K), 7 survivors (14336K)
 Metaspace       used 4657K, committed 4800K, reserved 1114112K
  class space    used 309K, committed 384K, reserved 1048576K
}

