# JRE version: OpenJDK Runtime Environment Microsoft-13106358 (17.0.18+8) (build 17.0.18+8-LTS)
# Java VM: OpenJDK 64-Bit Server VM Microsoft-13106358 (17.0.18+8-LTS, mixed mode, sharing, tiered, compressed oops, compressed class ptrs, g1 gc, windows-amd64)
GC Precious Log:
 CPUs: 12 total, 12 available
 Memory: 16164M
 Large Page Support: Disabled
 NUMA Support: Disabled
 Compressed Oops: Enabled (Zero based)
 Heap Region Size: 2M
 Heap Min Capacity: 8M
 Heap Initial Capacity: 254M
 Heap Max Capacity: 4042M
 Pre-touch: Disabled
 Parallel Workers: 10
 Concurrent Workers: 3
 Concurrent Refinement Workers: 10
 Periodic GC: Disabled
Heap:
 garbage-first heap   total 636928K, used 61928K [0x0000000703600000, 0x0000000800000000)
  region size 2048K, 16 young (32768K), 8 survivors (16384K)
 Metaspace       used 6751K, committed 6976K, reserved 1114112K
  class space    used 393K, committed 512K, reserved 1048576K
GC Heap History (12 events):
Event: 2.628 GC heap before
{Heap before GC invocations=0 (full 0):
 garbage-first heap   total 260096K, used 22528K [0x0000000703600000, 0x0000000800000000)
  region size 2048K, 11 young (22528K), 0 survivors (0K)
 Metaspace       used 4619K, committed 4800K, reserved 1114112K
  class space    used 308K, committed 384K, reserved 1048576K
}
Event: 2.655 GC heap after
{Heap after GC invocations=1 (full 0):
 garbage-first heap   total 260096K, used 13994K [0x0000000703600000, 0x0000000800000000)
  region size 2048K, 2 young (4096K), 2 survivors (4096K)
 Metaspace       used 4619K, committed 4800K, reserved 1114112K
  class space    used 308K, committed 384K, reserved 1048576K
}
Event: 2.708 GC heap before
{Heap before GC invocations=1 (full 0):
 garbage-first heap   total 260096K, used 28330K [0x0000000703600000, 0x0000000800000000)
  region size 2048K, 10 young (20480K), 2 survivors (4096K)
 Metaspace       used 4653K, committed 4800K, reserved 1114112K
  class space    used 309K, committed 384K, reserved 1048576K
}
Event: 2.747 GC heap after
{Heap after GC invocations=2 (full 0):
 garbage-first heap   total 260096K, used 25883K [0x0000000703600000, 0x0000000800000000)
  region size 2048K, 2 young (4096K), 2 survivors (4096K)
 Metaspace       used 4653K, committed 4800K, reserved 1114112K
  class space    used 309K, committed 384K, reserved 1048576K
}
Event: 2.757 GC heap before
{Heap before GC invocations=2 (full 0):
 garbage-first heap   total 260096K, used 32027K [0x0000000703600000, 0x0000000800000000)
  region size 2048K, 6 young (12288K), 2 survivors (4096K)
 Metaspace       used 4653K, committed 4800K, reserved 1114112K
  class space    used 309K, committed 384K, reserved 1048576K
}
Event: 2.761 GC heap after
{Heap after GC invocations=3 (full 0):
 garbage-first heap   total 260096K, used 27792K [0x0000000703600000, 0x0000000800000000)
  region size 2048K, 1 young (2048K), 1 survivors (2048K)
 Metaspace       used 4653K, committed 4800K, reserved 1114112K
  class space    used 309K, committed 384K, reserved 1048576K
}
Event: 2.805 GC heap before
{Heap before GC invocations=3 (full 0):
 garbage-first heap   total 260096K, used 40080K [0x0000000703600000, 0x0000000800000000)
  region size 2048K, 8 young (16384K), 1 survivors (2048K)
 Metaspace       used 4653K, committed 4800K, reserved 1114112K
  class space    used 309K, committed 384K, reserved 1048576K
}
Event: 2.807 GC heap after
{Heap after GC invocations=4 (full 0):
 garbage-first heap   total 260096K, used 29515K [0x0000000703600000, 0x0000000800000000)
  region size 2048K, 1 young (2048K), 1 survivors (2048K)
 Metaspace       used 4653K, committed 4800K, reserved 1114112K
  class space    used 309K, committed 384K, reserved 1048576K
}
Event: 2.888 GC heap before
{Heap before GC invocations=4 (full 0):
 garbage-first heap   total 260096K, used 68427K [0x0000000703600000, 0x0000000800000000)
  region size 2048K, 20 young (40960K), 1 survivors (2048K)
 Metaspace       used 4654K, committed 4800K, reserved 1114112K
  class space    used 309K, committed 384K, reserved 1048576K
}
Event: 2.895 GC heap after
{Heap after GC invocations=5 (full 0):
 garbage-first heap   total 636928K, used 34116K [0x0000000703600000, 0x0000000800000000)
  region size 2048K, 3 young (6144K), 3 survivors (6144K)
 Metaspace       used 4654K, committed 4800K, reserved 1114112K
  class space    used 309K, committed 384K, reserved 1048576K
}
Event: 3.150 GC heap before
{Heap before GC invocations=5 (full 0):
 garbage-first heap   total 636928K, used 148804K [0x0000000703600000, 0x0000000800000000)
  region size 2048K, 59 young (120832K), 3 survivors (6144K)
 Metaspace       used 4654K, committed 4800K, reserved 1114112K
  class space    used 309K, committed 384K, reserved 1048576K
}
Event: 3.162 GC heap after
{Heap after GC invocations=6 (full 0):
 garbage-first heap   total 636928K, used 47592K [0x0000000703600000, 0x0000000800000000)
  region size 2048K, 8 young (16384K), 8 survivors (16384K)
 Metaspace       used 4654K, committed 4800K, reserved 1114112K
  class space    used 309K, committed 384K, reserved 1048576K
}

