# JRE version: OpenJDK Runtime Environment Microsoft-13106358 (17.0.18+8) (build 17.0.18+8-LTS)
# Java VM: OpenJDK 64-Bit Server VM Microsoft-13106358 (17.0.18+8-LTS, mixed mode, sharing, tiered, compressed oops, compressed class ptrs, g1 gc, windows-amd64)
GC Precious Log:
 CPUs: 12 total, 12 available
 Memory: 16164M
 Large Page Support: Disabled
 NUMA Support: Disabled
 Compressed Oops: Enabled (Zero based)
 Heap Region Size: 2M
 Heap Min Capacity: 8M
 Heap Initial Capacity: 254M
 Heap Max Capacity: 4042M
 Pre-touch: Disabled
 Parallel Workers: 10
 Concurrent Workers: 3
 Concurrent Refinement Workers: 10
 Periodic GC: Disabled
Heap:
 garbage-first heap   total 583680K, used 85089K [0x0000000703600000, 0x0000000800000000)
  region size 2048K, 28 young (57344K), 7 survivors (14336K)
 Metaspace       used 6756K, committed 6976K, reserved 1114112K
  class space    used 393K, committed 512K, reserved 1048576K
GC Heap History (12 events):
Event: 3.499 GC heap before
{Heap before GC invocations=0 (full 0):
 garbage-first heap   total 260096K, used 22528K [0x0000000703600000, 0x0000000800000000)
  region size 2048K, 11 young (22528K), 0 survivors (0K)
 Metaspace       used 4625K, committed 4800K, reserved 1114112K
  class space    used 308K, committed 384K, reserved 1048576K
}
Event: 3.536 GC heap after
{Heap after GC invocations=1 (full 0):
 garbage-first heap   total 260096K, used 13981K [0x0000000703600000, 0x0000000800000000)
  region size 2048K, 2 young (4096K), 2 survivors (4096K)
 Metaspace       used 4625K, committed 4800K, reserved 1114112K
  class space    used 308K, committed 384K, reserved 1048576K
}
Event: 3.635 GC heap before
{Heap before GC invocations=1 (full 0):
 garbage-first heap   total 260096K, used 28317K [0x0000000703600000, 0x0000000800000000)
  region size 2048K, 10 young (20480K), 2 survivors (4096K)
 Metaspace       used 4658K, committed 4800K, reserved 1114112K
  class space    used 309K, committed 384K, reserved 1048576K
}
Event: 3.689 GC heap after
{Heap after GC invocations=2 (full 0):
 garbage-first heap   total 260096K, used 25883K [0x0000000703600000, 0x0000000800000000)
  region size 2048K, 2 young (4096K), 2 survivors (4096K)
 Metaspace       used 4658K, committed 4800K, reserved 1114112K
  class space    used 309K, committed 384K, reserved 1048576K
}
Event: 3.704 GC heap before
{Heap before GC invocations=2 (full 0):
 garbage-first heap   total 260096K, used 32027K [0x0000000703600000, 0x0000000800000000)
  region size 2048K, 6 young (12288K), 2 survivors (4096K)
 Metaspace       used 4658K, committed 4800K, reserved 1114112K
  class space    used 309K, committed 384K, reserved 1048576K
}
Event: 3.709 GC heap after
{Heap after GC invocations=3 (full 0):
 garbage-first heap   total 260096K, used 27590K [0x0000000703600000, 0x0000000800000000)
  region size 2048K, 1 young (2048K), 1 survivors (2048K)
 Metaspace       used 4658K, committed 4800K, reserved 1114112K
  class space    used 309K, committed 384K, reserved 1048576K
}
Event: 3.751 GC heap before
{Heap before GC invocations=3 (full 0):
 garbage-first heap   total 260096K, used 35782K [0x0000000703600000, 0x0000000800000000)
  region size 2048K, 6 young (12288K), 1 survivors (2048K)
 Metaspace       used 4659K, committed 4800K, reserved 1114112K
  class space    used 309K, committed 384K, reserved 1048576K
}
Event: 3.753 GC heap after
{Heap after GC invocations=4 (full 0):
 garbage-first heap   total 260096K, used 28895K [0x0000000703600000, 0x0000000800000000)
  region size 2048K, 1 young (2048K), 1 survivors (2048K)
 Metaspace       used 4659K, committed 4800K, reserved 1114112K
  class space    used 309K, committed 384K, reserved 1048576K
}
Event: 3.870 GC heap before
{Heap before GC invocations=4 (full 0):
 garbage-first heap   total 260096K, used 59615K [0x0000000703600000, 0x0000000800000000)
  region size 2048K, 17 young (34816K), 1 survivors (2048K)
 Metaspace       used 4659K, committed 4800K, reserved 1114112K
  class space    used 309K, committed 384K, reserved 1048576K
}
Event: 3.877 GC heap after
{Heap after GC invocations=5 (full 0):
 garbage-first heap   total 583680K, used 32663K [0x0000000703600000, 0x0000000800000000)
  region size 2048K, 3 young (6144K), 3 survivors (6144K)
 Metaspace       used 4659K, committed 4800K, reserved 1114112K
  class space    used 309K, committed 384K, reserved 1048576K
}
Event: 4.187 GC heap before
{Heap before GC invocations=5 (full 0):
 garbage-first heap   total 583680K, used 128919K [0x0000000703600000, 0x0000000800000000)
  region size 2048K, 50 young (102400K), 3 survivors (6144K)
 Metaspace       used 4659K, committed 4800K, reserved 1114112K
  class space    used 309K, committed 384K, reserved 1048576K
}
Event: 4.198 GC heap after
{Heap after GC invocations=6 (full 0):
 garbage-first heap   total 583680K, used 44129K [0x0000000703600000, 0x0000000800000000)
  region size 2048K, 7 young (14336K), 7 survivors (14336K)
 Metaspace       used 4659K, committed 4800K, reserved 1114112K
  class space    used 309K, committed 384K, reserved 1048576K
}

